INF 2025-05-22 17:13:00.389+01:00 iDontWants                 tid=3395892 iDontWants="[{}, {}]"
INF 2025-05-22 17:13:00.390+01:00 handleIDontWant            tid=3395892 iDontWants="[{}, {}]"
INF 2025-05-22 17:13:00.415+01:00 iDontWants                 tid=3395892 iDontWants="[{}, {}, {(data: 774042CA0561690A8065DF8303E0012F1B7DD06C9A834E8B452A60047F73A246)}]"
INF 2025-05-22 17:13:00.417+01:00 handleIDontWant            tid=3395892 iDontWants="[{}, {}, {(data: 774042CA0561690A8065DF8303E0012F1B7DD06C9A834E8B452A60047F73A246)}]"
INF 2025-05-22 17:13:00.441+01:00 iDontWants                 tid=3395892 iDontWants="[{}, {}, {(data: 2CE48701A63C88047402231C07118A77647373D3B086E11108BDD15C8DA9C762), (data: 774042CA0561690A8065DF8303E0012F1B7DD06C9A834E8B452A60047F73A246)}]"
INF 2025-05-22 17:13:00.444+01:00 handleIDontWant            tid=3395892 iDontWants="[{}, {}, {(data: 2CE48701A63C88047402231C07118A77647373D3B086E11108BDD15C8DA9C762), (data: 774042CA0561690A8065DF8303E0012F1B7DD06C9A834E8B452A60047F73A246)}]"
INF 2025-05-22 17:13:00.468+01:00 iDontWants                 tid=3395892 iDontWants="[{}, {}, {}, {(data: 2CE48701A63C88047402231C07118A77647373D3B086E11108BDD15C8DA9C762), (data: 5CE0D3CBA172E7217D1270BA979EBB6AD3CA4B905315ABF98D089CA4597F5C15), (data: 774042CA0561690A8065DF8303E0012F1B7DD06C9A834E8B452A60047F73A246)}]"
INF 2025-05-22 17:13:00.471+01:00 handleIDontWant            tid=3395892 iDontWants="[{}, {}, {}, {(data: 2CE48701A63C88047402231C07118A77647373D3B086E11108BDD15C8DA9C762), (data: 5CE0D3CBA172E7217D1270BA979EBB6AD3CA4B905315ABF98D089CA4597F5C15), (data: 774042CA0561690A8065DF8303E0012F1B7DD06C9A834E8B452A60047F73A246)}]"
INF 2025-05-22 17:13:00.495+01:00 iDontWants                 tid=3395892 iDontWants="[{}, {}, {}, {(data: 2CE48701A63C88047402231C07118A77647373D3B086E11108BDD15C8DA9C762), (data: 5CE0D3CBA172E7217D1270BA979EBB6AD3CA4B905315ABF98D089CA4597F5C15), (data: 455AD8921168EA9464F6740D7A5120E46BACAC839B8D3A6F2160A81B6D268697), (data: 774042CA0561690A8065DF8303E0012F1B7DD06C9A834E8B452A60047F73A246)}]"
INF 2025-05-22 17:13:00.497+01:00 handleIDontWant            tid=3395892 iDontWants="[{}, {}, {}, {(data: 2CE48701A63C88047402231C07118A77647373D3B086E11108BDD15C8DA9C762), (data: 5CE0D3CBA172E7217D1270BA979EBB6AD3CA4B905315ABF98D089CA4597F5C15), (data: 455AD8921168EA9464F6740D7A5120E46BACAC839B8D3A6F2160A81B6D268697), (data: 774042CA0561690A8065DF8303E0012F1B7DD06C9A834E8B452A60047F73A246)}]"
INF 2025-05-22 17:13:00.512+01:00 heartbeat prune iDontWants tid=3395892 iDontWants="[{}, {}, {}, {}, {}]"
INF 2025-05-22 17:13:00.515+01:00 heartbeat prune iDontWants tid=3395892 iDontWants="[{}, {}, {}, {}, {(data: 2CE48701A63C88047402231C07118A77647373D3B086E11108BDD15C8DA9C762), (data: BB3D39B1E9E911EA259F5DBB43DA3B0A37DD2ECB51F15A67022746619557A46B), (data: 5CE0D3CBA172E7217D1270BA979EBB6AD3CA4B905315ABF98D089CA4597F5C15), (data: 455AD8921168EA9464F6740D7A5120E46BACAC839B8D3A6F2160A81B6D268697), (data: 774042CA0561690A8065DF8303E0012F1B7DD06C9A834E8B452A60047F73A246)}]"
INF 2025-05-22 17:13:00.521+01:00 iDontWants                 tid=3395892 iDontWants="[{}, {}, {}, {}]"
INF 2025-05-22 17:13:00.521+01:00 handleIDontWant            tid=3395892 iDontWants="[{}, {}, {}, {}]"
INF 2025-05-22 17:13:00.545+01:00 iDontWants                 tid=3395892 iDontWants="[{}, {}, {}, {(data: 29ED57F25F55AFD73EE937C1E28D5AEA25EC464D18D4B8012D732723A3D4A94C)}]"
INF 2025-05-22 17:13:00.547+01:00 handleIDontWant            tid=3395892 iDontWants="[{}, {}, {}, {(data: 29ED57F25F55AFD73EE937C1E28D5AEA25EC464D18D4B8012D732723A3D4A94C)}]"
INF 2025-05-22 17:13:00.571+01:00 iDontWants                 tid=3395892 iDontWants="[{}, {}, {}, {(data: B4AE792948D782F189083AF32F0696A34C3F865E58FA0183E66905D8F108B12C), (data: 29ED57F25F55AFD73EE937C1E28D5AEA25EC464D18D4B8012D732723A3D4A94C)}]"
INF 2025-05-22 17:13:00.573+01:00 heartbeat prune iDontWants tid=3395892 iDontWants="[{}, {}, {}, {}, {}]"
INF 2025-05-22 17:13:00.574+01:00 handleIDontWant            tid=3395892 iDontWants="[{}, {}, {}, {(data: B4AE792948D782F189083AF32F0696A34C3F865E58FA0183E66905D8F108B12C), (data: 29ED57F25F55AFD73EE937C1E28D5AEA25EC464D18D4B8012D732723A3D4A94C)}]"
INF 2025-05-22 17:13:00.586+01:00 heartbeat prune iDontWants tid=3395892 iDontWants="[{}, {}, {}, {}, {(data: B4AE792948D782F189083AF32F0696A34C3F865E58FA0183E66905D8F108B12C), (data: 29ED57F25F55AFD73EE937C1E28D5AEA25EC464D18D4B8012D732723A3D4A94C), (data: 588B4B55E0384A712CE98583848B27D9F3600FDE5BB541A7A0BAC4044A217E1F)}]"
INF 2025-05-22 17:13:00.597+01:00 iDontWants                 tid=3395892 iDontWants="[{}, {}, {}, {}]"
INF 2025-05-22 17:13:00.597+01:00 handleIDontWant            tid=3395892 iDontWants="[{}, {}, {}, {}]"
INF 2025-05-22 17:13:00.621+01:00 iDontWants                 tid=3395892 iDontWants="[{}, {}, {}, {(data: 8205C66D5F5C011DEE5234656121B96D4DA1297E62C654F5B133A928B4377C72)}]"
INF 2025-05-22 17:13:00.623+01:00 handleIDontWant            tid=3395892 iDontWants="[{}, {}, {}, {(data: 8205C66D5F5C011DEE5234656121B96D4DA1297E62C654F5B133A928B4377C72)}]"
INF 2025-05-22 17:13:00.636+01:00 heartbeat prune iDontWants tid=3395892 iDontWants="[{}, {}, {}, {}, {}]"
INF 2025-05-22 17:13:00.636+01:00 heartbeat prune iDontWants tid=3395892 iDontWants="[{}, {}, {}, {}, {(data: 8205C66D5F5C011DEE5234656121B96D4DA1297E62C654F5B133A928B4377C72), (data: 944CEA245D696E9E2A18A639C413C137F9520577E4BD15B0453DD27208B6A4FE)}]"
INF 2025-05-22 17:13:00.646+01:00 iDontWants                 tid=3395892 iDontWants="[{}, {}, {}, {}]"
INF 2025-05-22 17:13:00.647+01:00 handleIDontWant            tid=3395892 iDontWants="[{}, {}, {}, {}]"
INF 2025-05-22 17:13:00.671+01:00 iDontWants                 tid=3395892 iDontWants="[{}, {}, {}, {(data: D2E9F3434D6DD212B7B5D4BBF20747C2B3E471EC8B37C70C82FE83B34DAE0B24)}]"
INF 2025-05-22 17:13:00.673+01:00 handleIDontWant            tid=3395892 iDontWants="[{}, {}, {}, {(data: D2E9F3434D6DD212B7B5D4BBF20747C2B3E471EC8B37C70C82FE83B34DAE0B24)}]"
INF 2025-05-22 17:13:00.691+01:00 heartbeat prune iDontWants tid=3395892 iDontWants="[{}, {}, {}, {}, {}]"
INF 2025-05-22 17:13:00.697+01:00 iDontWants                 tid=3395892 iDontWants="[{}, {}, {}, {(data: D2E9F3434D6DD212B7B5D4BBF20747C2B3E471EC8B37C70C82FE83B34DAE0B24), (data: 80BDD6DC50A624DCBC4DB109226E39DEF8146657FCCD6AE040067912F5386D5C)}]"
INF 2025-05-22 17:13:00.698+01:00 heartbeat prune iDontWants tid=3395892 iDontWants="[{}, {}, {}, {}, {(data: D2E9F3434D6DD212B7B5D4BBF20747C2B3E471EC8B37C70C82FE83B34DAE0B24), (data: 80BDD6DC50A624DCBC4DB109226E39DEF8146657FCCD6AE040067912F5386D5C)}]"
INF 2025-05-22 17:13:00.701+01:00 handleIDontWant            tid=3395892 iDontWants="[{}, {}, {}, {}]"
INF 2025-05-22 17:13:00.723+01:00 iDontWants                 tid=3395892 iDontWants="[{}, {}, {}, {(data: 65C482C6314C5CD7135F2DBC264B1E331496AEF7825C34FAF63074668A94D3DF)}]"
INF 2025-05-22 17:13:00.726+01:00 handleIDontWant            tid=3395892 iDontWants="[{}, {}, {}, {(data: 65C482C6314C5CD7135F2DBC264B1E331496AEF7825C34FAF63074668A94D3DF)}]"
INF 2025-05-22 17:13:00.750+01:00 iDontWants                 tid=3395892 iDontWants="[{}, {}, {}, {(data: 65C482C6314C5CD7135F2DBC264B1E331496AEF7825C34FAF63074668A94D3DF), (data: 54CF2C2E46D5BAD48CFDB2219A51D773EC9034404F63874E819F991F6A61F9AB)}]"
INF 2025-05-22 17:13:00.752+01:00 heartbeat prune iDontWants tid=3395892 iDontWants="[{}, {}, {}, {}, {}]"
INF 2025-05-22 17:13:00.752+01:00 handleIDontWant            tid=3395892 iDontWants="[{}, {}, {}, {(data: 65C482C6314C5CD7135F2DBC264B1E331496AEF7825C34FAF63074668A94D3DF), (data: 54CF2C2E46D5BAD48CFDB2219A51D773EC9034404F63874E819F991F6A61F9AB)}]"
INF 2025-05-22 17:13:00.765+01:00 heartbeat prune iDontWants tid=3395892 iDontWants="[{}, {}, {}, {}, {(data: 65C482C6314C5CD7135F2DBC264B1E331496AEF7825C34FAF63074668A94D3DF), (data: 54CF2C2E46D5BAD48CFDB2219A51D773EC9034404F63874E819F991F6A61F9AB), (data: 3321309A52DCDF042C5B48A48277F9E44719877A02B9BA540101FBABCF09A3DB)}]"
INF 2025-05-22 17:13:00.775+01:00 iDontWants                 tid=3395892 iDontWants="[{}, {}, {}, {}]"
INF 2025-05-22 17:13:00.776+01:00 handleIDontWant            tid=3395892 iDontWants="[{}, {}, {}, {}]"
INF 2025-05-22 17:13:00.801+01:00 iDontWants                 tid=3395892 iDontWants="[{}, {}, {}, {(data: 90DD0B45D2185A58DD74D6CECCA0921CF0737F5CFA22FA1A34802B2171A8FDF1)}]"
INF 2025-05-22 17:13:00.803+01:00 handleIDontWant            tid=3395892 iDontWants="[{}, {}, {}, {(data: 90DD0B45D2185A58DD74D6CECCA0921CF0737F5CFA22FA1A34802B2171A8FDF1)}]"
INF 2025-05-22 17:13:00.815+01:00 heartbeat prune iDontWants tid=3395892 iDontWants="[{}, {}, {}, {}, {}]"
INF 2025-05-22 17:13:00.816+01:00 heartbeat prune iDontWants tid=3395892 iDontWants="[{}, {}, {}, {}, {(data: 90DD0B45D2185A58DD74D6CECCA0921CF0737F5CFA22FA1A34802B2171A8FDF1), (data: 794865AD9BF0C7D454708A20C19AAA75A1D63906C02495B94E0F590A0F011FF3)}]"
INF 2025-05-22 17:13:00.826+01:00 iDontWants                 tid=3395892 iDontWants="[{}, {}, {}, {}]"
INF 2025-05-22 17:13:00.827+01:00 handleIDontWant            tid=3395892 iDontWants="[{}, {}, {}, {}]"
INF 2025-05-22 17:13:00.851+01:00 iDontWants                 tid=3395892 iDontWants="[{}, {}, {}, {(data: 74FD4F6BCA67225E2E5D25B25F2134345DD6300884F821A3385B5792FAD1D0E9)}]"
INF 2025-05-22 17:13:00.853+01:00 handleIDontWant            tid=3395892 iDontWants="[{}, {}, {}, {(data: 74FD4F6BCA67225E2E5D25B25F2134345DD6300884F821A3385B5792FAD1D0E9)}]"
INF 2025-05-22 17:13:00.872+01:00 heartbeat prune iDontWants tid=3395892 iDontWants="[{}, {}, {}, {}, {}]"
INF 2025-05-22 17:13:00.875+01:00 iDontWants                 tid=3395892 iDontWants="[{}, {}, {}, {(data: 74FD4F6BCA67225E2E5D25B25F2134345DD6300884F821A3385B5792FAD1D0E9), (data: 90B62659F6FCA929B9517E5A57A68D8E218DFF81B8736B688B0063032E493FB0)}]"
INF 2025-05-22 17:13:00.877+01:00 heartbeat prune iDontWants tid=3395892 iDontWants="[{}, {}, {}, {}, {(data: 74FD4F6BCA67225E2E5D25B25F2134345DD6300884F821A3385B5792FAD1D0E9), (data: 90B62659F6FCA929B9517E5A57A68D8E218DFF81B8736B688B0063032E493FB0)}]"
INF 2025-05-22 17:13:00.879+01:00 handleIDontWant            tid=3395892 iDontWants="[{}, {}, {}, {}]"
INF 2025-05-22 17:13:00.901+01:00 iDontWants                 tid=3395892 iDontWants="[{}, {}, {}, {(data: 2CF8D10F882F042618894B107C912A074D245405A935F705CDF060376634D3F3)}]"
INF 2025-05-22 17:13:00.903+01:00 handleIDontWant            tid=3395892 iDontWants="[{}, {}, {}, {(data: 2CF8D10F882F042618894B107C912A074D245405A935F705CDF060376634D3F3)}]"
INF 2025-05-22 17:13:00.927+01:00 iDontWants                 tid=3395892 iDontWants="[{}, {}, {}, {(data: 178895E4EBA5EEBF3565D826C0DCFAD0BE958780661DF49A3F37A74CEA033134), (data: 2CF8D10F882F042618894B107C912A074D245405A935F705CDF060376634D3F3)}]"
INF 2025-05-22 17:13:00.929+01:00 handleIDontWant            tid=3395892 iDontWants="[{}, {}, {}, {(data: 178895E4EBA5EEBF3565D826C0DCFAD0BE958780661DF49A3F37A74CEA033134), (data: 2CF8D10F882F042618894B107C912A074D245405A935F705CDF060376634D3F3)}]"
INF 2025-05-22 17:13:00.941+01:00 heartbeat prune iDontWants tid=3395892 iDontWants="[{}, {}, {}, {}, {}]"
INF 2025-05-22 17:13:00.942+01:00 heartbeat prune iDontWants tid=3395892 iDontWants="[{}, {}, {}, {}, {(data: 178895E4EBA5EEBF3565D826C0DCFAD0BE958780661DF49A3F37A74CEA033134), (data: 2CF8D10F882F042618894B107C912A074D245405A935F705CDF060376634D3F3), (data: 88B46797F6FF0A7C1DAAF3CA06B56CDC3107BF9B14CAB5C2176E01F323DE2C3E)}]"
INF 2025-05-22 17:13:00.952+01:00 iDontWants                 tid=3395892 iDontWants="[{}, {}, {}, {}]"
INF 2025-05-22 17:13:00.952+01:00 handleIDontWant            tid=3395892 iDontWants="[{}, {}, {}, {}]"
INF 2025-05-22 17:13:00.976+01:00 iDontWants                 tid=3395892 iDontWants="[{}, {}, {}, {(data: 99C233BA45C55881D822B67185F91E7E7D29A1CBF33E619377A85E24F80B6120)}]"
INF 2025-05-22 17:13:00.978+01:00 handleIDontWant            tid=3395892 iDontWants="[{}, {}, {}, {(data: 99C233BA45C55881D822B67185F91E7E7D29A1CBF33E619377A85E24F80B6120)}]"
INF 2025-05-22 17:13:00.991+01:00 heartbeat prune iDontWants tid=3395892 iDontWants="[{}, {}, {}, {}, {}]"
INF 2025-05-22 17:13:00.996+01:00 heartbeat prune iDontWants tid=3395892 iDontWants="[{}, {}, {}, {}, {(data: CBCF2A2BCC91EF799598E0450F9ECD210846B3BF7F7D6EEC3DB5380F528C6FC4), (data: 99C233BA45C55881D822B67185F91E7E7D29A1CBF33E619377A85E24F80B6120)}]"
INF 2025-05-22 17:13:01.002+01:00 iDontWants                 tid=3395892 iDontWants="[{}, {}, {}, {}]"
INF 2025-05-22 17:13:01.003+01:00 handleIDontWant            tid=3395892 iDontWants="[{}, {}, {}, {}]"
INF 2025-05-22 17:13:01.027+01:00 iDontWants                 tid=3395892 iDontWants="[{}, {}, {}, {(data: 779579064FCA0AEEB9265C3D4E683A43A81EBAAF203A883E06EA589361712695)}]"
INF 2025-05-22 17:13:01.029+01:00 handleIDontWant            tid=3395892 iDontWants="[{}, {}, {}, {(data: 779579064FCA0AEEB9265C3D4E683A43A81EBAAF203A883E06EA589361712695)}]"
INF 2025-05-22 17:13:01.053+01:00 iDontWants                 tid=3395892 iDontWants="[{}, {}, {}, {(data: 779579064FCA0AEEB9265C3D4E683A43A81EBAAF203A883E06EA589361712695), (data: D10721B0B384D012213B44A25F530C9D77B902115271E2FF7C87FCBCAD34EE0F)}]"
INF 2025-05-22 17:13:01.054+01:00 heartbeat prune iDontWants tid=3395892 iDontWants="[{}, {}, {}, {}, {}]"
INF 2025-05-22 17:13:01.055+01:00 heartbeat prune iDontWants tid=3395892 iDontWants="[{}, {}, {}, {}, {(data: 779579064FCA0AEEB9265C3D4E683A43A81EBAAF203A883E06EA589361712695), (data: D10721B0B384D012213B44A25F530C9D77B902115271E2FF7C87FCBCAD34EE0F)}]"
INF 2025-05-22 17:13:01.057+01:00 handleIDontWant            tid=3395892 iDontWants="[{}, {}, {}, {}]"
INF 2025-05-22 17:13:01.079+01:00 iDontWants                 tid=3395892 iDontWants="[{}, {}, {}, {(data: B8899C545370CE37876B6D6A2F6F2F0F5564C422C77494591DC14AC8ACF4CC91)}]"
INF 2025-05-22 17:13:01.081+01:00 handleIDontWant            tid=3395892 iDontWants="[{}, {}, {}, {(data: B8899C545370CE37876B6D6A2F6F2F0F5564C422C77494591DC14AC8ACF4CC91)}]"
INF 2025-05-22 17:13:01.105+01:00 iDontWants                 tid=3395892 iDontWants="[{}, {}, {}, {(data: AA3CC9C235A5B3ACAD698CC8F947CDB668068BAAE5D54B2B7D4C80BF697AA6EE), (data: B8899C545370CE37876B6D6A2F6F2F0F5564C422C77494591DC14AC8ACF4CC91)}]"
INF 2025-05-22 17:13:01.107+01:00 handleIDontWant            tid=3395892 iDontWants="[{}, {}, {}, {(data: AA3CC9C235A5B3ACAD698CC8F947CDB668068BAAE5D54B2B7D4C80BF697AA6EE), (data: B8899C545370CE37876B6D6A2F6F2F0F5564C422C77494591DC14AC8ACF4CC91)}]"
INF 2025-05-22 17:13:01.120+01:00 heartbeat prune iDontWants tid=3395892 iDontWants="[{}, {}, {}, {}, {}]"
INF 2025-05-22 17:13:01.120+01:00 heartbeat prune iDontWants tid=3395892 iDontWants="[{}, {}, {}, {}, {(data: AA3CC9C235A5B3ACAD698CC8F947CDB668068BAAE5D54B2B7D4C80BF697AA6EE), (data: FD4247FFCEEC5037D1F39C0CB9750DECF6B0E6F69E68BC4A50289A26AFA2F3B3), (data: B8899C545370CE37876B6D6A2F6F2F0F5564C422C77494591DC14AC8ACF4CC91)}]"
INF 2025-05-22 17:13:01.131+01:00 iDontWants                 tid=3395892 iDontWants="[{}, {}, {}, {}]"
INF 2025-05-22 17:13:01.131+01:00 handleIDontWant            tid=3395892 iDontWants="[{}, {}, {}, {}]"
INF 2025-05-22 17:13:01.156+01:00 iDontWants                 tid=3395892 iDontWants="[{}, {}, {}, {(data: 4C86288FA59C5026D66308D07D834C30EB71298F2BF00420C7CE2A0C2F591E30)}]"
INF 2025-05-22 17:13:01.158+01:00 handleIDontWant            tid=3395892 iDontWants="[{}, {}, {}, {(data: 4C86288FA59C5026D66308D07D834C30EB71298F2BF00420C7CE2A0C2F591E30)}]"
INF 2025-05-22 17:13:01.171+01:00 heartbeat prune iDontWants tid=3395892 iDontWants="[{}, {}, {}, {}, {}]"
INF 2025-05-22 17:13:01.175+01:00 heartbeat prune iDontWants tid=3395892 iDontWants="[{}, {}, {}, {}, {(data: 4C86288FA59C5026D66308D07D834C30EB71298F2BF00420C7CE2A0C2F591E30), (data: E3A1DF870F92B4E63EBD1236FFD647D79AD0BDE518BD600F5C91AC2C67487ED2)}]"